<?xml version="1.0" encoding="utf-8" ?>
<!DOCTYPE html PUBLIC "-//W3C//DTD XHTML 1.0 Strict//EN"
        "http://www.w3.org/TR/xhtml1/DTD/xhtml1-strict.dtd">
<html xmlns="http://www.w3.org/1999/xhtml" xml:lang="" lang="">
<head>
  <title>Test Results Report - LearningAndDevelopment</title>
  <meta http-equiv="Content-Type" content="text/html;charset=utf-8" />
  <meta name="description" content="TestNG unit test results." />
  <link href="reportng.css" rel="stylesheet" type="text/css" />
    <script type="text/javascript" src="reportng.js"></script>
</head>
<body>
<h1>LearningAndDevelopment</h1>
<p>
  Test duration: 8.190s
</p>



  <table class="resultsTable">
    <tr><th colspan="3" class="header failed">Failed Tests</th></tr>
          <tr>
        <td colspan="3" class="group">com.jio.test.LearningAndDevelopment.EditProgramTest</td>
      </tr>
            
<tr>
  <td class="method">
                  editProgramWithValidDetails
      </td>
  <td class="duration">
    0.792s
  </td>
  <td class="result">
        
    
        

        <a href="javascript:toggleElement('exception-0', 'block')" title="Click to expand/collapse"><b>java.lang.AssertionError: The following asserts failed:<br/>
	FAILED! API did not respond with status 200 expected [200] but found [404],<br/>
	Failed! UnExpected error code:::::404 expected [true] but found [false]</b></a><br />
    <div class="stackTrace" id="exception-0">
              org.testng.asserts.SoftAssert.assertAll(SoftAssert.java:43)<br />
              com.jio.apiservice.LearningAndDevelopment.EditProgramService.editProgramWithValidDetails(EditProgramService.java:62)<br />
              com.jio.test.LearningAndDevelopment.EditProgramTest.editProgramWithValidDetails(EditProgramTest.java:13)<br />
              java.base/jdk.internal.reflect.NativeMethodAccessorImpl.invoke0(Native Method)<br />
              java.base/jdk.internal.reflect.NativeMethodAccessorImpl.invoke(NativeMethodAccessorImpl.java:62)<br />
              java.base/jdk.internal.reflect.DelegatingMethodAccessorImpl.invoke(DelegatingMethodAccessorImpl.java:43)<br />
              java.base/java.lang.reflect.Method.invoke(Method.java:566)<br />
              org.testng.internal.MethodInvocationHelper.invokeMethod(MethodInvocationHelper.java:85)<br />
              org.testng.internal.Invoker.invokeMethod(Invoker.java:639)<br />
              org.testng.internal.Invoker.invokeTestMethod(Invoker.java:816)<br />
              org.testng.internal.Invoker.invokeTestMethods(Invoker.java:1124)<br />
              org.testng.internal.TestMethodWorker.invokeTestMethods(TestMethodWorker.java:125)<br />
              org.testng.internal.TestMethodWorker.run(TestMethodWorker.java:108)<br />
              org.testng.TestRunner.publicRun(TestRunner.java:774)<br />
              org.testng.TestRunner.run(TestRunner.java:624)<br />
              org.testng.SuiteRunner.runTest(SuiteRunner.java:359)<br />
              org.testng.SuiteRunner.runSequentially(SuiteRunner.java:354)<br />
              org.testng.SuiteRunner.publicRun(SuiteRunner.java:312)<br />
              org.testng.SuiteRunner.run(SuiteRunner.java:261)<br />
              org.testng.SuiteRunnerWorker.runSuite(SuiteRunnerWorker.java:52)<br />
              org.testng.SuiteRunnerWorker.run(SuiteRunnerWorker.java:86)<br />
              org.testng.TestNG.runSuitesSequentially(TestNG.java:1191)<br />
              org.testng.TestNG.runSuitesSequentially(TestNG.java:1187)<br />
              org.testng.TestNG.runSuitesLocally(TestNG.java:1116)<br />
              org.testng.TestNG.run(TestNG.java:1024)<br />
              com.intellij.rt.testng.IDEARemoteTestNG.run(IDEARemoteTestNG.java:66)<br />
              com.intellij.rt.testng.RemoteTestNGStarter.main(RemoteTestNGStarter.java:109)<br />
                </div>
      </td>
</tr>
<tr>
  <td class="method">
                  editProgramWithoutProgramTitle
      </td>
  <td class="duration">
    0.178s
  </td>
  <td class="result">
        
    
        

        <a href="javascript:toggleElement('exception-1', 'block')" title="Click to expand/collapse"><b>java.lang.AssertionError: The following asserts failed:<br/>
	FAILED! API did not respond with status 200 expected [200] but found [404],<br/>
	Failed! UnExpected error code:::::404 expected [true] but found [false]</b></a><br />
    <div class="stackTrace" id="exception-1">
              org.testng.asserts.SoftAssert.assertAll(SoftAssert.java:43)<br />
              com.jio.apiservice.LearningAndDevelopment.EditProgramService.editProgramWithoutProgramTitle(EditProgramService.java:85)<br />
              com.jio.test.LearningAndDevelopment.EditProgramTest.editProgramWithoutProgramTitle(EditProgramTest.java:23)<br />
              java.base/jdk.internal.reflect.NativeMethodAccessorImpl.invoke0(Native Method)<br />
              java.base/jdk.internal.reflect.NativeMethodAccessorImpl.invoke(NativeMethodAccessorImpl.java:62)<br />
              java.base/jdk.internal.reflect.DelegatingMethodAccessorImpl.invoke(DelegatingMethodAccessorImpl.java:43)<br />
              java.base/java.lang.reflect.Method.invoke(Method.java:566)<br />
              org.testng.internal.MethodInvocationHelper.invokeMethod(MethodInvocationHelper.java:85)<br />
              org.testng.internal.Invoker.invokeMethod(Invoker.java:639)<br />
              org.testng.internal.Invoker.invokeTestMethod(Invoker.java:816)<br />
              org.testng.internal.Invoker.invokeTestMethods(Invoker.java:1124)<br />
              org.testng.internal.TestMethodWorker.invokeTestMethods(TestMethodWorker.java:125)<br />
              org.testng.internal.TestMethodWorker.run(TestMethodWorker.java:108)<br />
              org.testng.TestRunner.publicRun(TestRunner.java:774)<br />
              org.testng.TestRunner.run(TestRunner.java:624)<br />
              org.testng.SuiteRunner.runTest(SuiteRunner.java:359)<br />
              org.testng.SuiteRunner.runSequentially(SuiteRunner.java:354)<br />
              org.testng.SuiteRunner.publicRun(SuiteRunner.java:312)<br />
              org.testng.SuiteRunner.run(SuiteRunner.java:261)<br />
              org.testng.SuiteRunnerWorker.runSuite(SuiteRunnerWorker.java:52)<br />
              org.testng.SuiteRunnerWorker.run(SuiteRunnerWorker.java:86)<br />
              org.testng.TestNG.runSuitesSequentially(TestNG.java:1191)<br />
              org.testng.TestNG.runSuitesSequentially(TestNG.java:1187)<br />
              org.testng.TestNG.runSuitesLocally(TestNG.java:1116)<br />
              org.testng.TestNG.run(TestNG.java:1024)<br />
              com.intellij.rt.testng.IDEARemoteTestNG.run(IDEARemoteTestNG.java:66)<br />
              com.intellij.rt.testng.RemoteTestNGStarter.main(RemoteTestNGStarter.java:109)<br />
                </div>
      </td>
</tr>
          <tr>
        <td colspan="3" class="group">com.jio.test.LearningAndDevelopment.GetActiveWelcomeMessageTest</td>
      </tr>
            
<tr>
  <td class="method">
                  getActiveWelcomeMessageWithValidDetails
      </td>
  <td class="duration">
    0.144s
  </td>
  <td class="result">
        
    
        

        <a href="javascript:toggleElement('exception-2', 'block')" title="Click to expand/collapse"><b>java.lang.NullPointerException</b></a><br />
    <div class="stackTrace" id="exception-2">
              com.jio.validateResponse.LearningAndDevelopment.GetWelcomeMessageResponseValidator.fileUrlNotEmptyInResponse(GetWelcomeMessageResponseValidator.java:24)<br />
              com.jio.apiservice.LearningAndDevelopment.GetActiveWelcomeMessageService.getActiveWelcomeMessage(GetActiveWelcomeMessageService.java:36)<br />
              com.jio.test.LearningAndDevelopment.GetActiveWelcomeMessageTest.getActiveWelcomeMessageWithValidDetails(GetActiveWelcomeMessageTest.java:12)<br />
              java.base/jdk.internal.reflect.NativeMethodAccessorImpl.invoke0(Native Method)<br />
              java.base/jdk.internal.reflect.NativeMethodAccessorImpl.invoke(NativeMethodAccessorImpl.java:62)<br />
              java.base/jdk.internal.reflect.DelegatingMethodAccessorImpl.invoke(DelegatingMethodAccessorImpl.java:43)<br />
              java.base/java.lang.reflect.Method.invoke(Method.java:566)<br />
              org.testng.internal.MethodInvocationHelper.invokeMethod(MethodInvocationHelper.java:85)<br />
              org.testng.internal.Invoker.invokeMethod(Invoker.java:639)<br />
              org.testng.internal.Invoker.invokeTestMethod(Invoker.java:816)<br />
              org.testng.internal.Invoker.invokeTestMethods(Invoker.java:1124)<br />
              org.testng.internal.TestMethodWorker.invokeTestMethods(TestMethodWorker.java:125)<br />
              org.testng.internal.TestMethodWorker.run(TestMethodWorker.java:108)<br />
              org.testng.TestRunner.publicRun(TestRunner.java:774)<br />
              org.testng.TestRunner.run(TestRunner.java:624)<br />
              org.testng.SuiteRunner.runTest(SuiteRunner.java:359)<br />
              org.testng.SuiteRunner.runSequentially(SuiteRunner.java:354)<br />
              org.testng.SuiteRunner.publicRun(SuiteRunner.java:312)<br />
              org.testng.SuiteRunner.run(SuiteRunner.java:261)<br />
              org.testng.SuiteRunnerWorker.runSuite(SuiteRunnerWorker.java:52)<br />
              org.testng.SuiteRunnerWorker.run(SuiteRunnerWorker.java:86)<br />
              org.testng.TestNG.runSuitesSequentially(TestNG.java:1191)<br />
              org.testng.TestNG.runSuitesSequentially(TestNG.java:1187)<br />
              org.testng.TestNG.runSuitesLocally(TestNG.java:1116)<br />
              org.testng.TestNG.run(TestNG.java:1024)<br />
              com.intellij.rt.testng.IDEARemoteTestNG.run(IDEARemoteTestNG.java:66)<br />
              com.intellij.rt.testng.RemoteTestNGStarter.main(RemoteTestNGStarter.java:109)<br />
                </div>
      </td>
</tr>
      </table>


  <table class="resultsTable">
    <tr><th colspan="3" class="header passed">Passed Tests</th></tr>
          <tr>
        <td colspan="3" class="group">com.jio.test.LearningAndDevelopment.CreateCourseTest</td>
      </tr>
            
<tr>
  <td class="method">
                  createCourseWithInvalidProgramId
      </td>
  <td class="duration">
    0.136s
  </td>
  <td class="result">
        
    
        

      </td>
</tr>
<tr>
  <td class="method">
                  createCourseWithValidDetails
      </td>
  <td class="duration">
    0.702s
  </td>
  <td class="result">
        
    
        

      </td>
</tr>
<tr>
  <td class="method">
                  createCourseWithoutCarrierCoin
      </td>
  <td class="duration">
    0.122s
  </td>
  <td class="result">
        
    
        

      </td>
</tr>
<tr>
  <td class="method">
                  createCourseWithoutCourseCoins
      </td>
  <td class="duration">
    0.125s
  </td>
  <td class="result">
        
    
        

      </td>
</tr>
<tr>
  <td class="method">
                  createCourseWithoutDescription
      </td>
  <td class="duration">
    0.118s
  </td>
  <td class="result">
        
    
        

      </td>
</tr>
<tr>
  <td class="method">
                  createCourseWithoutDuration
      </td>
  <td class="duration">
    0.124s
  </td>
  <td class="result">
        
    
        

      </td>
</tr>
<tr>
  <td class="method">
                  createCourseWithoutMinCourseCoin
      </td>
  <td class="duration">
    0.110s
  </td>
  <td class="result">
        
    
        

      </td>
</tr>
<tr>
  <td class="method">
                  createCourseWithoutRruCourseId
      </td>
  <td class="duration">
    0.120s
  </td>
  <td class="result">
        
    
        

      </td>
</tr>
<tr>
  <td class="method">
                  createCourseWithoutRruDeeplink
      </td>
  <td class="duration">
    0.108s
  </td>
  <td class="result">
        
    
        

      </td>
</tr>
<tr>
  <td class="method">
                  createCourseWithoutTitle
      </td>
  <td class="duration">
    0.133s
  </td>
  <td class="result">
        
    
        

      </td>
</tr>
          <tr>
        <td colspan="3" class="group">com.jio.test.LearningAndDevelopment.CreateNewJourneyTest</td>
      </tr>
            
<tr>
  <td class="method">
                  createNewJourneyWithValidDetails
      </td>
  <td class="duration">
    0.121s
  </td>
  <td class="result">
        
    
        

      </td>
</tr>
          <tr>
        <td colspan="3" class="group">com.jio.test.LearningAndDevelopment.CreateNewProgramTest</td>
      </tr>
            
<tr>
  <td class="method">
                  createNewProgramWitNonSequential
      </td>
  <td class="duration">
    0.141s
  </td>
  <td class="result">
        
    
        

      </td>
</tr>
<tr>
  <td class="method">
                  createNewProgramWithValidDetails
      </td>
  <td class="duration">
    0.716s
  </td>
  <td class="result">
        
    
        

      </td>
</tr>
<tr>
  <td class="method">
                  createNewProgramWithoutCourse
      </td>
  <td class="duration">
    0.139s
  </td>
  <td class="result">
        
    
        

      </td>
</tr>
<tr>
  <td class="method">
                  createNewProgramWithoutDescriptionField
      </td>
  <td class="duration">
    0.132s
  </td>
  <td class="result">
        
    
        

      </td>
</tr>
<tr>
  <td class="method">
                  createNewProgramWithoutProgramTitle
      </td>
  <td class="duration">
    0.146s
  </td>
  <td class="result">
        
    
        

      </td>
</tr>
<tr>
  <td class="method">
                  createNewProgramWithoutRoleId
      </td>
  <td class="duration">
    0.146s
  </td>
  <td class="result">
        
    
        

      </td>
</tr>
<tr>
  <td class="method">
                  createNewProgramWithoutSkillId
      </td>
  <td class="duration">
    0.143s
  </td>
  <td class="result">
        
    
        

      </td>
</tr>
          <tr>
        <td colspan="3" class="group">com.jio.test.LearningAndDevelopment.CreateTagTest</td>
      </tr>
            
<tr>
  <td class="method">
                  createRoleTagWithValidDetails
      </td>
  <td class="duration">
    0.112s
  </td>
  <td class="result">
        
    
        

      </td>
</tr>
<tr>
  <td class="method">
                  createSkillTagWithValidDetails
      </td>
  <td class="duration">
    0.119s
  </td>
  <td class="result">
        
    
        

      </td>
</tr>
<tr>
  <td class="method">
                  createTagWithEmptyTypeValue
      </td>
  <td class="duration">
    0.115s
  </td>
  <td class="result">
        
    
        

      </td>
</tr>
<tr>
  <td class="method">
                  createTagWithoutName
      </td>
  <td class="duration">
    0.143s
  </td>
  <td class="result">
        
    
        

      </td>
</tr>
          <tr>
        <td colspan="3" class="group">com.jio.test.LearningAndDevelopment.EditCarouselDataTest</td>
      </tr>
            
<tr>
  <td class="method">
                  editCarouselDataWithValidData
      </td>
  <td class="duration">
    0.130s
  </td>
  <td class="result">
        
    
        

      </td>
</tr>
          <tr>
        <td colspan="3" class="group">com.jio.test.LearningAndDevelopment.EditJourneyTest</td>
      </tr>
            
<tr>
  <td class="method">
                  editJourneyWithValidDetails
      </td>
  <td class="duration">
    0.131s
  </td>
  <td class="result">
        
    
        

      </td>
</tr>
          <tr>
        <td colspan="3" class="group">com.jio.test.LearningAndDevelopment.EditProgramTest</td>
      </tr>
            
<tr>
  <td class="method">
                  editProgramWitNonSequential
      </td>
  <td class="duration">
    0.138s
  </td>
  <td class="result">
        
    
        

      </td>
</tr>
<tr>
  <td class="method">
                  editProgramWithoutCourse
      </td>
  <td class="duration">
    0.142s
  </td>
  <td class="result">
        
    
        

      </td>
</tr>
<tr>
  <td class="method">
                  editProgramWithoutDescriptionField
      </td>
  <td class="duration">
    0.140s
  </td>
  <td class="result">
        
    
        

      </td>
</tr>
<tr>
  <td class="method">
                  editProgramWithoutRoleId
      </td>
  <td class="duration">
    0.145s
  </td>
  <td class="result">
        
    
        

      </td>
</tr>
<tr>
  <td class="method">
                  editProgramWithoutSkillId
      </td>
  <td class="duration">
    0.128s
  </td>
  <td class="result">
        
    
        

      </td>
</tr>
          <tr>
        <td colspan="3" class="group">com.jio.test.LearningAndDevelopment.GetCarouselDataTest</td>
      </tr>
            
<tr>
  <td class="method">
                  getCarouselDataWithValidData
      </td>
  <td class="duration">
    0.129s
  </td>
  <td class="result">
        
    
        

      </td>
</tr>
          <tr>
        <td colspan="3" class="group">com.jio.test.LearningAndDevelopment.GetCurrentProgramTest</td>
      </tr>
            
<tr>
  <td class="method">
                  getCurrentProgramWithValidDetails
      </td>
  <td class="duration">
    0.133s
  </td>
  <td class="result">
        
    
        

      </td>
</tr>
          <tr>
        <td colspan="3" class="group">com.jio.test.LearningAndDevelopment.GetInductionJourneyTest</td>
      </tr>
            
<tr>
  <td class="method">
                  getInductionJourneyApiWithValidDetails
      </td>
  <td class="duration">
    0.249s
  </td>
  <td class="result">
        
    
        

      </td>
</tr>
          <tr>
        <td colspan="3" class="group">com.jio.test.LearningAndDevelopment.GetProgramDetailsTest</td>
      </tr>
            
<tr>
  <td class="method">
                  getProgramDetailsWithInvalidProgramId
      </td>
  <td class="duration">
    0.255s
  </td>
  <td class="result">
        
    
        

      </td>
</tr>
<tr>
  <td class="method">
                  getProgramDetailsWithValidData
      </td>
  <td class="duration">
    0.327s
  </td>
  <td class="result">
        
    
        

      </td>
</tr>
          <tr>
        <td colspan="3" class="group">com.jio.test.LearningAndDevelopment.GetSearchJourneyTest</td>
      </tr>
            
<tr>
  <td class="method">
                  getSearchJourneyWithValidDetails
      </td>
  <td class="duration">
    0.119s
  </td>
  <td class="result">
        
    
        

      </td>
</tr>
<tr>
  <td class="method">
                  searchInvalidJourney
      </td>
  <td class="duration">
    0.115s
  </td>
  <td class="result">
        
    
        

      </td>
</tr>
          <tr>
        <td colspan="3" class="group">com.jio.test.LearningAndDevelopment.HomeEventsTest</td>
      </tr>
            
<tr>
  <td class="method">
                  getHomeEventsWithValidDetails
      </td>
  <td class="duration">
    0.112s
  </td>
  <td class="result">
        
    
        

      </td>
</tr>
          <tr>
        <td colspan="3" class="group">com.jio.test.LearningAndDevelopment.SearchCourseTest</td>
      </tr>
            
<tr>
  <td class="method">
                  searchCourseWithValidDetails
      </td>
  <td class="duration">
    0.137s
  </td>
  <td class="result">
        
    
        

      </td>
</tr>
          <tr>
        <td colspan="3" class="group">com.jio.test.LearningAndDevelopment.SearchProgramTest</td>
      </tr>
            
<tr>
  <td class="method">
                  searchInvalidProgram
      </td>
  <td class="duration">
    0.130s
  </td>
  <td class="result">
        
    
        

      </td>
</tr>
<tr>
  <td class="method">
                  searchProgramWithValidDetails
      </td>
  <td class="duration">
    0.133s
  </td>
  <td class="result">
        
    
        

      </td>
</tr>
          <tr>
        <td colspan="3" class="group">com.jio.test.LearningAndDevelopment.SetWelcomeMessageTest</td>
      </tr>
            
<tr>
  <td class="method">
                  setWelcomeMessageWithInvalidFile
      </td>
  <td class="duration">
    0.123s
  </td>
  <td class="result">
        
    
        

      </td>
</tr>
<tr>
  <td class="method">
                  setWelcomeMessageWithValidDetails
      </td>
  <td class="duration">
    0.134s
  </td>
  <td class="result">
        
    
        

      </td>
</tr>
      </table>
  
</body>
</html>
