{"uuid":"7a5db8c0-ddb6-4ab3-9975-d2c2282c8ade","historyId":"5c68813dc061acfe7bf159da1e6b3492","fullName":"Com.jio.test.OspreySearch.GetKeywordTest.OspreyApiServiceWithInvalidStore","labels":[{"name":"package","value":"Com.jio.test.OspreySearch.GetKeywordTest"},{"name":"testClass","value":"Com.jio.test.OspreySearch.GetKeywordTest"},{"name":"testMethod","value":"OspreyApiServiceWithInvalidStore"},{"name":"parentSuite","value":"Osprey Search API Test Suite"},{"name":"suite","value":"API Tests"},{"name":"subSuite","value":"Com.jio.test.OspreySearch.GetKeywordTest"},{"name":"host","value":"LM0002943"},{"name":"thread","value":"15114@LM0002943.main(1)"},{"name":"framework","value":"testng"},{"name":"language","value":"java"},{"name":"story","value":"Store Validation"},{"name":"feature","value":"Product Search Operations"},{"name":"epic","value":"Osprey Search API"},{"name":"severity","value":"critical"}],"links":[],"name":"OspreyApiServiceWithInvalidStore","status":"skipped","statusDetails":{"known":false,"muted":false,"flaky":false,"message":"Invalid store test failed: java.net.UnknownHostException: osprey-sit.services.ajio.com","trace":"java.lang.AssertionError: Invalid store test failed: java.net.UnknownHostException: osprey-sit.services.ajio.com\n\tat org.testng.Assert.fail(Assert.java:94)\n\tat Com.jio.apiservice.Osprey.OspreyApiService.ospreyAPIWithInvalidStore(OspreyApiService.java:278)\n\tat Com.jio.test.OspreySearch.GetKeywordTest.OspreyApiServiceWithInvalidStore(GetKeywordTest.java:57)\n\tat java.base/jdk.internal.reflect.NativeMethodAccessorImpl.invoke0(Native Method)\n\tat java.base/jdk.internal.reflect.NativeMethodAccessorImpl.invoke(NativeMethodAccessorImpl.java:77)\n\tat java.base/jdk.internal.reflect.DelegatingMethodAccessorImpl.invoke(DelegatingMethodAccessorImpl.java:43)\n\tat java.base/java.lang.reflect.Method.invoke(Method.java:569)\n\tat org.testng.internal.MethodInvocationHelper.invokeMethod(MethodInvocationHelper.java:85)\n\tat org.testng.internal.Invoker.invokeMethod(Invoker.java:639)\n\tat org.testng.internal.Invoker.invokeTestMethod(Invoker.java:816)\n\tat org.testng.internal.Invoker.invokeTestMethods(Invoker.java:1124)\n\tat org.testng.internal.TestMethodWorker.invokeTestMethods(TestMethodWorker.java:125)\n\tat org.testng.internal.TestMethodWorker.run(TestMethodWorker.java:108)\n\tat org.testng.TestRunner.privateRun(TestRunner.java:774)\n\tat org.testng.TestRunner.run(TestRunner.java:624)\n\tat org.testng.SuiteRunner.runTest(SuiteRunner.java:359)\n\tat org.testng.SuiteRunner.runSequentially(SuiteRunner.java:354)\n\tat org.testng.SuiteRunner.privateRun(SuiteRunner.java:312)\n\tat org.testng.SuiteRunner.run(SuiteRunner.java:261)\n\tat org.testng.SuiteRunnerWorker.runSuite(SuiteRunnerWorker.java:52)\n\tat org.testng.SuiteRunnerWorker.run(SuiteRunnerWorker.java:86)\n\tat org.testng.TestNG.runSuitesSequentially(TestNG.java:1191)\n\tat org.testng.TestNG.runSuitesLocally(TestNG.java:1116)\n\tat org.testng.TestNG.run(TestNG.java:1024)\n\tat com.intellij.rt.testng.IDEARemoteTestNG.run(IDEARemoteTestNG.java:65)\n\tat com.intellij.rt.testng.RemoteTestNGStarter.main(RemoteTestNGStarter.java:105)\n"},"stage":"finished","description":"Verify API behavior when an invalid store ID is provided in the request","steps":[{"name":"Executing search with invalid store ID","status":"passed","stage":"finished","steps":[],"attachments":[],"parameters":[],"start":1744176683920,"stop":1744176683920},{"name":"Loading test data","status":"passed","stage":"finished","steps":[],"attachments":[],"parameters":[],"start":1744176683920,"stop":1744176683928},{"name":"Executing API request","status":"broken","statusDetails":{"known":false,"muted":false,"flaky":false,"message":"java.net.UnknownHostException: osprey-sit.services.ajio.com","trace":"java.lang.RuntimeException: java.net.UnknownHostException: osprey-sit.services.ajio.com\n\tat Com.jio.util.HttpClientCaller.micrositeAPIPostCall(HttpClientCaller.java:233)\n\tat Com.jio.base.ApiUrls.postOspreyAPI(ApiUrls.java:45)\n\tat Com.jio.apiservice.Osprey.OspreyApiService.executeRequestAndGetResponse(OspreyApiService.java:972)\n\tat Com.jio.apiservice.Osprey.OspreyApiService.lambda$13(OspreyApiService.java:263)\n\tat io.qameta.allure.Allure.lambda$step$0(Allure.java:113)\n\tat io.qameta.allure.Allure.lambda$step$1(Allure.java:127)\n\tat io.qameta.allure.Allure.step(Allure.java:181)\n\tat io.qameta.allure.Allure.step(Allure.java:125)\n\tat io.qameta.allure.Allure.step(Allure.java:112)\n\tat Com.jio.apiservice.Osprey.OspreyApiService.ospreyAPIWithInvalidStore(OspreyApiService.java:262)\n\tat Com.jio.test.OspreySearch.GetKeywordTest.OspreyApiServiceWithInvalidStore(GetKeywordTest.java:57)\n\tat java.base/jdk.internal.reflect.NativeMethodAccessorImpl.invoke0(Native Method)\n\tat java.base/jdk.internal.reflect.NativeMethodAccessorImpl.invoke(NativeMethodAccessorImpl.java:77)\n\tat java.base/jdk.internal.reflect.DelegatingMethodAccessorImpl.invoke(DelegatingMethodAccessorImpl.java:43)\n\tat java.base/java.lang.reflect.Method.invoke(Method.java:569)\n\tat org.testng.internal.MethodInvocationHelper.invokeMethod(MethodInvocationHelper.java:85)\n\tat org.testng.internal.Invoker.invokeMethod(Invoker.java:639)\n\tat org.testng.internal.Invoker.invokeTestMethod(Invoker.java:816)\n\tat org.testng.internal.Invoker.invokeTestMethods(Invoker.java:1124)\n\tat org.testng.internal.TestMethodWorker.invokeTestMethods(TestMethodWorker.java:125)\n\tat org.testng.internal.TestMethodWorker.run(TestMethodWorker.java:108)\n\tat org.testng.TestRunner.privateRun(TestRunner.java:774)\n\tat org.testng.TestRunner.run(TestRunner.java:624)\n\tat org.testng.SuiteRunner.runTest(SuiteRunner.java:359)\n\tat org.testng.SuiteRunner.runSequentially(SuiteRunner.java:354)\n\tat org.testng.SuiteRunner.privateRun(SuiteRunner.java:312)\n\tat org.testng.SuiteRunner.run(SuiteRunner.java:261)\n\tat org.testng.SuiteRunnerWorker.runSuite(SuiteRunnerWorker.java:52)\n\tat org.testng.SuiteRunnerWorker.run(SuiteRunnerWorker.java:86)\n\tat org.testng.TestNG.runSuitesSequentially(TestNG.java:1191)\n\tat org.testng.TestNG.runSuitesLocally(TestNG.java:1116)\n\tat org.testng.TestNG.run(TestNG.java:1024)\n\tat com.intellij.rt.testng.IDEARemoteTestNG.run(IDEARemoteTestNG.java:65)\n\tat com.intellij.rt.testng.RemoteTestNGStarter.main(RemoteTestNGStarter.java:105)\nCaused by: java.net.UnknownHostException: osprey-sit.services.ajio.com\n\tat java.base/java.net.InetAddress$CachedAddresses.get(InetAddress.java:801)\n\tat java.base/java.net.InetAddress.getAllByName0(InetAddress.java:1533)\n\tat java.base/java.net.InetAddress.getAllByName(InetAddress.java:1385)\n\tat java.base/java.net.InetAddress.getAllByName(InetAddress.java:1306)\n\tat org.apache.http.impl.conn.SystemDefaultDnsResolver.resolve(SystemDefaultDnsResolver.java:45)\n\tat org.apache.http.impl.conn.DefaultHttpClientConnectionOperator.connect(DefaultHttpClientConnectionOperator.java:112)\n\tat org.apache.http.impl.conn.PoolingHttpClientConnectionManager.connect(PoolingHttpClientConnectionManager.java:376)\n\tat org.apache.http.impl.execchain.MainClientExec.establishRoute(MainClientExec.java:393)\n\tat org.apache.http.impl.execchain.MainClientExec.execute(MainClientExec.java:236)\n\tat org.apache.http.impl.execchain.ProtocolExec.execute(ProtocolExec.java:186)\n\tat org.apache.http.impl.execchain.RetryExec.execute(RetryExec.java:89)\n\tat org.apache.http.impl.execchain.RedirectExec.execute(RedirectExec.java:110)\n\tat org.apache.http.impl.client.InternalHttpClient.doExecute(InternalHttpClient.java:185)\n\tat org.apache.http.impl.client.CloseableHttpClient.execute(CloseableHttpClient.java:83)\n\tat org.apache.http.impl.client.CloseableHttpClient.execute(CloseableHttpClient.java:108)\n\tat Com.jio.util.HttpClientCaller.micrositeAPIPostCall(HttpClientCaller.java:231)\n\t... 33 more\n"},"stage":"finished","steps":[],"attachments":[],"parameters":[],"start":1744176683930,"stop":1744176683932},{"name":"Test failed: java.net.UnknownHostException: osprey-sit.services.ajio.com","status":"failed","stage":"finished","steps":[],"attachments":[],"parameters":[],"start":1744176683932,"stop":1744176683932},{"name":"Retrying test - Attempt 1","status":"passed","stage":"finished","steps":[],"attachments":[],"parameters":[],"start":1744176683932,"stop":1744176683932}],"attachments":[{"name":"Request Body","source":"0763d07e-bd07-4aa8-bbc3-c01c4344b08d-attachment.txt","type":"text/plain"},{"name":"Test Metrics","source":"e7619655-499e-4b9a-9986-1f80a60afe7a-attachment.txt","type":"text/plain"}],"parameters":[],"start":1744176683920,"stop":1744176703943}